09-07 15:11 ./controller_strava_athlete-id_prober.py  INFO     Spawner, requested api range: 101 - 102
09-07 15:11 ./controller_strava_athlete-id_prober.py  INFO     Requested athlete range: 651 - 699
09-07 15:11 ./controller_strava_athlete-id_prober.py  INFO     Requested per probe: 25
09-07 15:11 ./controller_strava_athlete-id_prober.py  INFO     Assigning app 101 ids: 651 - 675 inclusive
09-07 15:13 ./controller_strava_athlete-id_prober.py  INFO     Spawner, requested api range: 101 - 102
09-07 15:13 ./controller_strava_athlete-id_prober.py  INFO     Requested athlete range: 651 - 699
09-07 15:13 ./controller_strava_athlete-id_prober.py  INFO     Requested per probe: 25
09-07 15:13 ./controller_strava_athlete-id_prober.py  INFO     Assigning app 101 ids: 651 - 675 inclusive
09-07 15:14 ./controller_strava_athlete-id_prober.py  INFO     Spawner, requested api range: 101 - 102
09-07 15:14 ./controller_strava_athlete-id_prober.py  INFO     Requested athlete range: 651 - 699
09-07 15:14 ./controller_strava_athlete-id_prober.py  INFO     Requested per probe: 25
09-07 15:14 ./controller_strava_athlete-id_prober.py  INFO     Assigning app 101 ids: 651 - 675 inclusive
09-07 15:14 ./controller_strava_athlete-id_prober.py  INFO     Assigning app 102 ids: 676 - 699 inclusive
09-07 15:14 ./controller_strava_athlete-id_prober.py  INFO     All probes assigned, exiting.
09-07 15:22 ./controller_strava_athlete-id_prober.py  INFO     Dry run.
09-07 15:22 ./controller_strava_athlete-id_prober.py  INFO     Spawner, requested api range: 101 - 102
09-07 15:22 ./controller_strava_athlete-id_prober.py  INFO     Requested athlete range: 651 - 699
09-07 15:22 ./controller_strava_athlete-id_prober.py  INFO     Requested per probe: 25
09-07 15:22 ./controller_strava_athlete-id_prober.py  INFO     Assigning app 101 ids: 651 - 675 inclusive
09-07 15:22 ./controller_strava_athlete-id_prober.py  INFO     Assigning app 102 ids: 676 - 699 inclusive
09-07 15:22 ./controller_strava_athlete-id_prober.py  INFO     All probes assigned, exiting.
09-07 15:22 ./controller_strava_athlete-id_prober.py  INFO     Dry run.
09-07 15:22 ./controller_strava_athlete-id_prober.py  INFO     Spawner, requested api range: 1 - 100
09-07 15:22 ./controller_strava_athlete-id_prober.py  INFO     Requested athlete range: 700 - 3000699
09-07 15:22 ./controller_strava_athlete-id_prober.py  INFO     Requested per probe: 30000
09-07 15:22 ./controller_strava_athlete-id_prober.py  INFO     Assigning app 1 ids: 700 - 30699 inclusive
09-07 15:22 ./controller_strava_athlete-id_prober.py  INFO     Assigning app 2 ids: 30700 - 60699 inclusive
09-07 15:22 ./controller_strava_athlete-id_prober.py  INFO     Assigning app 3 ids: 60700 - 90699 inclusive
09-07 15:22 ./controller_strava_athlete-id_prober.py  INFO     Assigning app 4 ids: 90700 - 120699 inclusive
09-07 15:22 ./controller_strava_athlete-id_prober.py  INFO     Assigning app 5 ids: 120700 - 150699 inclusive
09-07 15:22 ./controller_strava_athlete-id_prober.py  INFO     Assigning app 6 ids: 150700 - 180699 inclusive
09-07 15:22 ./controller_strava_athlete-id_prober.py  INFO     Assigning app 7 ids: 180700 - 210699 inclusive
09-07 15:22 ./controller_strava_athlete-id_prober.py  INFO     Assigning app 8 ids: 210700 - 240699 inclusive
09-07 15:22 ./controller_strava_athlete-id_prober.py  INFO     Assigning app 9 ids: 240700 - 270699 inclusive
09-07 15:22 ./controller_strava_athlete-id_prober.py  INFO     Assigning app 10 ids: 270700 - 300699 inclusive
09-07 15:22 ./controller_strava_athlete-id_prober.py  INFO     Assigning app 11 ids: 300700 - 330699 inclusive
09-07 15:22 ./controller_strava_athlete-id_prober.py  INFO     Assigning app 12 ids: 330700 - 360699 inclusive
09-07 15:22 ./controller_strava_athlete-id_prober.py  INFO     Assigning app 13 ids: 360700 - 390699 inclusive
09-07 15:22 ./controller_strava_athlete-id_prober.py  INFO     Assigning app 14 ids: 390700 - 420699 inclusive
09-07 15:22 ./controller_strava_athlete-id_prober.py  INFO     Assigning app 15 ids: 420700 - 450699 inclusive
09-07 15:22 ./controller_strava_athlete-id_prober.py  INFO     Assigning app 16 ids: 450700 - 480699 inclusive
09-07 15:22 ./controller_strava_athlete-id_prober.py  INFO     Assigning app 17 ids: 480700 - 510699 inclusive
09-07 15:22 ./controller_strava_athlete-id_prober.py  INFO     Assigning app 18 ids: 510700 - 540699 inclusive
09-07 15:22 ./controller_strava_athlete-id_prober.py  INFO     Assigning app 19 ids: 540700 - 570699 inclusive
09-07 15:22 ./controller_strava_athlete-id_prober.py  INFO     Assigning app 20 ids: 570700 - 600699 inclusive
09-07 15:22 ./controller_strava_athlete-id_prober.py  INFO     Assigning app 21 ids: 600700 - 630699 inclusive
09-07 15:22 ./controller_strava_athlete-id_prober.py  INFO     Assigning app 22 ids: 630700 - 660699 inclusive
09-07 15:22 ./controller_strava_athlete-id_prober.py  INFO     Assigning app 23 ids: 660700 - 690699 inclusive
09-07 15:22 ./controller_strava_athlete-id_prober.py  INFO     Assigning app 24 ids: 690700 - 720699 inclusive
09-07 15:22 ./controller_strava_athlete-id_prober.py  INFO     Assigning app 25 ids: 720700 - 750699 inclusive
09-07 15:22 ./controller_strava_athlete-id_prober.py  INFO     Assigning app 26 ids: 750700 - 780699 inclusive
09-07 15:22 ./controller_strava_athlete-id_prober.py  INFO     Assigning app 27 ids: 780700 - 810699 inclusive
09-07 15:22 ./controller_strava_athlete-id_prober.py  INFO     Assigning app 28 ids: 810700 - 840699 inclusive
09-07 15:22 ./controller_strava_athlete-id_prober.py  INFO     Assigning app 29 ids: 840700 - 870699 inclusive
09-07 15:22 ./controller_strava_athlete-id_prober.py  INFO     Assigning app 30 ids: 870700 - 900699 inclusive
09-07 15:22 ./controller_strava_athlete-id_prober.py  INFO     Assigning app 31 ids: 900700 - 930699 inclusive
09-07 15:22 ./controller_strava_athlete-id_prober.py  INFO     Assigning app 32 ids: 930700 - 960699 inclusive
09-07 15:22 ./controller_strava_athlete-id_prober.py  INFO     Assigning app 33 ids: 960700 - 990699 inclusive
09-07 15:22 ./controller_strava_athlete-id_prober.py  INFO     Assigning app 34 ids: 990700 - 1020699 inclusive
09-07 15:22 ./controller_strava_athlete-id_prober.py  INFO     Assigning app 35 ids: 1020700 - 1050699 inclusive
09-07 15:22 ./controller_strava_athlete-id_prober.py  INFO     Assigning app 36 ids: 1050700 - 1080699 inclusive
09-07 15:22 ./controller_strava_athlete-id_prober.py  INFO     Assigning app 37 ids: 1080700 - 1110699 inclusive
09-07 15:22 ./controller_strava_athlete-id_prober.py  INFO     Assigning app 38 ids: 1110700 - 1140699 inclusive
09-07 15:22 ./controller_strava_athlete-id_prober.py  INFO     Assigning app 39 ids: 1140700 - 1170699 inclusive
09-07 15:22 ./controller_strava_athlete-id_prober.py  INFO     Assigning app 40 ids: 1170700 - 1200699 inclusive
09-07 15:22 ./controller_strava_athlete-id_prober.py  INFO     Assigning app 41 ids: 1200700 - 1230699 inclusive
09-07 15:22 ./controller_strava_athlete-id_prober.py  INFO     Assigning app 42 ids: 1230700 - 1260699 inclusive
09-07 15:22 ./controller_strava_athlete-id_prober.py  INFO     Assigning app 43 ids: 1260700 - 1290699 inclusive
09-07 15:22 ./controller_strava_athlete-id_prober.py  INFO     Assigning app 44 ids: 1290700 - 1320699 inclusive
09-07 15:22 ./controller_strava_athlete-id_prober.py  INFO     Assigning app 45 ids: 1320700 - 1350699 inclusive
09-07 15:22 ./controller_strava_athlete-id_prober.py  INFO     Assigning app 46 ids: 1350700 - 1380699 inclusive
09-07 15:22 ./controller_strava_athlete-id_prober.py  INFO     Assigning app 47 ids: 1380700 - 1410699 inclusive
09-07 15:22 ./controller_strava_athlete-id_prober.py  INFO     Assigning app 48 ids: 1410700 - 1440699 inclusive
09-07 15:22 ./controller_strava_athlete-id_prober.py  INFO     Assigning app 49 ids: 1440700 - 1470699 inclusive
09-07 15:22 ./controller_strava_athlete-id_prober.py  INFO     Assigning app 50 ids: 1470700 - 1500699 inclusive
09-07 15:22 ./controller_strava_athlete-id_prober.py  INFO     Assigning app 51 ids: 1500700 - 1530699 inclusive
09-07 15:22 ./controller_strava_athlete-id_prober.py  INFO     Assigning app 52 ids: 1530700 - 1560699 inclusive
09-07 15:22 ./controller_strava_athlete-id_prober.py  INFO     Assigning app 53 ids: 1560700 - 1590699 inclusive
09-07 15:22 ./controller_strava_athlete-id_prober.py  INFO     Assigning app 54 ids: 1590700 - 1620699 inclusive
09-07 15:22 ./controller_strava_athlete-id_prober.py  INFO     Assigning app 55 ids: 1620700 - 1650699 inclusive
09-07 15:22 ./controller_strava_athlete-id_prober.py  INFO     Assigning app 56 ids: 1650700 - 1680699 inclusive
09-07 15:22 ./controller_strava_athlete-id_prober.py  INFO     Assigning app 57 ids: 1680700 - 1710699 inclusive
09-07 15:22 ./controller_strava_athlete-id_prober.py  INFO     Assigning app 58 ids: 1710700 - 1740699 inclusive
09-07 15:22 ./controller_strava_athlete-id_prober.py  INFO     Assigning app 59 ids: 1740700 - 1770699 inclusive
09-07 15:22 ./controller_strava_athlete-id_prober.py  INFO     Assigning app 60 ids: 1770700 - 1800699 inclusive
09-07 15:22 ./controller_strava_athlete-id_prober.py  INFO     Assigning app 61 ids: 1800700 - 1830699 inclusive
09-07 15:22 ./controller_strava_athlete-id_prober.py  INFO     Assigning app 62 ids: 1830700 - 1860699 inclusive
09-07 15:22 ./controller_strava_athlete-id_prober.py  INFO     Assigning app 63 ids: 1860700 - 1890699 inclusive
09-07 15:22 ./controller_strava_athlete-id_prober.py  INFO     Assigning app 64 ids: 1890700 - 1920699 inclusive
09-07 15:22 ./controller_strava_athlete-id_prober.py  INFO     Assigning app 65 ids: 1920700 - 1950699 inclusive
09-07 15:22 ./controller_strava_athlete-id_prober.py  INFO     Assigning app 66 ids: 1950700 - 1980699 inclusive
09-07 15:22 ./controller_strava_athlete-id_prober.py  INFO     Assigning app 67 ids: 1980700 - 2010699 inclusive
09-07 15:22 ./controller_strava_athlete-id_prober.py  INFO     Assigning app 68 ids: 2010700 - 2040699 inclusive
09-07 15:22 ./controller_strava_athlete-id_prober.py  INFO     Assigning app 69 ids: 2040700 - 2070699 inclusive
09-07 15:22 ./controller_strava_athlete-id_prober.py  INFO     Assigning app 70 ids: 2070700 - 2100699 inclusive
09-07 15:22 ./controller_strava_athlete-id_prober.py  INFO     Assigning app 71 ids: 2100700 - 2130699 inclusive
09-07 15:22 ./controller_strava_athlete-id_prober.py  INFO     Assigning app 72 ids: 2130700 - 2160699 inclusive
09-07 15:22 ./controller_strava_athlete-id_prober.py  INFO     Assigning app 73 ids: 2160700 - 2190699 inclusive
09-07 15:22 ./controller_strava_athlete-id_prober.py  INFO     Assigning app 74 ids: 2190700 - 2220699 inclusive
09-07 15:22 ./controller_strava_athlete-id_prober.py  INFO     Assigning app 75 ids: 2220700 - 2250699 inclusive
09-07 15:22 ./controller_strava_athlete-id_prober.py  INFO     Assigning app 76 ids: 2250700 - 2280699 inclusive
09-07 15:22 ./controller_strava_athlete-id_prober.py  INFO     Assigning app 77 ids: 2280700 - 2310699 inclusive
09-07 15:22 ./controller_strava_athlete-id_prober.py  INFO     Assigning app 78 ids: 2310700 - 2340699 inclusive
09-07 15:22 ./controller_strava_athlete-id_prober.py  INFO     Assigning app 79 ids: 2340700 - 2370699 inclusive
09-07 15:22 ./controller_strava_athlete-id_prober.py  INFO     Assigning app 80 ids: 2370700 - 2400699 inclusive
09-07 15:22 ./controller_strava_athlete-id_prober.py  INFO     Assigning app 81 ids: 2400700 - 2430699 inclusive
09-07 15:22 ./controller_strava_athlete-id_prober.py  INFO     Assigning app 82 ids: 2430700 - 2460699 inclusive
09-07 15:22 ./controller_strava_athlete-id_prober.py  INFO     Assigning app 83 ids: 2460700 - 2490699 inclusive
09-07 15:22 ./controller_strava_athlete-id_prober.py  INFO     Assigning app 84 ids: 2490700 - 2520699 inclusive
09-07 15:22 ./controller_strava_athlete-id_prober.py  INFO     Assigning app 85 ids: 2520700 - 2550699 inclusive
09-07 15:22 ./controller_strava_athlete-id_prober.py  INFO     Assigning app 86 ids: 2550700 - 2580699 inclusive
09-07 15:22 ./controller_strava_athlete-id_prober.py  INFO     Assigning app 87 ids: 2580700 - 2610699 inclusive
09-07 15:22 ./controller_strava_athlete-id_prober.py  INFO     Assigning app 88 ids: 2610700 - 2640699 inclusive
09-07 15:22 ./controller_strava_athlete-id_prober.py  INFO     Assigning app 89 ids: 2640700 - 2670699 inclusive
09-07 15:22 ./controller_strava_athlete-id_prober.py  INFO     Assigning app 90 ids: 2670700 - 2700699 inclusive
09-07 15:22 ./controller_strava_athlete-id_prober.py  INFO     Assigning app 91 ids: 2700700 - 2730699 inclusive
09-07 15:22 ./controller_strava_athlete-id_prober.py  INFO     Assigning app 92 ids: 2730700 - 2760699 inclusive
09-07 15:22 ./controller_strava_athlete-id_prober.py  INFO     Assigning app 93 ids: 2760700 - 2790699 inclusive
09-07 15:22 ./controller_strava_athlete-id_prober.py  INFO     Assigning app 94 ids: 2790700 - 2820699 inclusive
09-07 15:22 ./controller_strava_athlete-id_prober.py  INFO     Assigning app 95 ids: 2820700 - 2850699 inclusive
09-07 15:22 ./controller_strava_athlete-id_prober.py  INFO     Assigning app 96 ids: 2850700 - 2880699 inclusive
09-07 15:22 ./controller_strava_athlete-id_prober.py  INFO     Assigning app 97 ids: 2880700 - 2910699 inclusive
09-07 15:22 ./controller_strava_athlete-id_prober.py  INFO     Assigning app 98 ids: 2910700 - 2940699 inclusive
09-07 15:22 ./controller_strava_athlete-id_prober.py  INFO     Assigning app 99 ids: 2940700 - 2970699 inclusive
09-07 15:22 ./controller_strava_athlete-id_prober.py  INFO     Assigning app 100 ids: 2970700 - 3000699 inclusive
09-07 15:22 ./controller_strava_athlete-id_prober.py  INFO     All probes assigned, exiting.
09-07 15:22 ./controller_strava_athlete-id_prober.py  INFO     Dry run.
09-07 15:22 ./controller_strava_athlete-id_prober.py  INFO     Spawner, requested api range: 1 - 100
09-07 15:22 ./controller_strava_athlete-id_prober.py  INFO     Requested athlete range: 700 - 3000700
09-07 15:22 ./controller_strava_athlete-id_prober.py  INFO     Requested per probe: 30000
09-07 15:22 ./controller_strava_athlete-id_prober.py  CRITICAL Required athletes per API (30000.01) exceeds max! Exiting
09-07 15:28 ./controller_strava_athlete-id_prober.py  INFO     Spawner, requested api range: 1 - 100
09-07 15:28 ./controller_strava_athlete-id_prober.py  INFO     Requested athlete range: 700 - 3000699
09-07 15:28 ./controller_strava_athlete-id_prober.py  INFO     Requested per probe: 30000
09-07 15:28 ./controller_strava_athlete-id_prober.py  INFO     Assigning app 1 ids: 700 - 30699 inclusive
09-07 15:28 ./controller_strava_athlete-id_prober.py  INFO     Assigning app 2 ids: 30700 - 60699 inclusive
09-07 15:28 ./controller_strava_athlete-id_prober.py  INFO     Assigning app 3 ids: 60700 - 90699 inclusive
09-07 15:29 ./controller_strava_athlete-id_prober.py  INFO     Assigning app 4 ids: 90700 - 120699 inclusive
09-07 15:29 ./controller_strava_athlete-id_prober.py  INFO     Assigning app 5 ids: 120700 - 150699 inclusive
09-07 15:29 ./controller_strava_athlete-id_prober.py  INFO     Assigning app 6 ids: 150700 - 180699 inclusive
09-07 15:29 ./controller_strava_athlete-id_prober.py  INFO     Assigning app 7 ids: 180700 - 210699 inclusive
09-07 15:29 ./controller_strava_athlete-id_prober.py  INFO     Assigning app 8 ids: 210700 - 240699 inclusive
09-07 15:29 ./controller_strava_athlete-id_prober.py  INFO     Assigning app 9 ids: 240700 - 270699 inclusive
09-07 15:29 ./controller_strava_athlete-id_prober.py  INFO     Assigning app 10 ids: 270700 - 300699 inclusive
09-07 15:29 ./controller_strava_athlete-id_prober.py  INFO     Assigning app 11 ids: 300700 - 330699 inclusive
09-07 15:29 ./controller_strava_athlete-id_prober.py  INFO     Assigning app 12 ids: 330700 - 360699 inclusive
09-07 15:29 ./controller_strava_athlete-id_prober.py  INFO     Assigning app 13 ids: 360700 - 390699 inclusive
09-07 15:29 ./controller_strava_athlete-id_prober.py  INFO     Assigning app 14 ids: 390700 - 420699 inclusive
09-07 15:29 ./controller_strava_athlete-id_prober.py  INFO     Assigning app 15 ids: 420700 - 450699 inclusive
09-07 15:29 ./controller_strava_athlete-id_prober.py  INFO     Assigning app 16 ids: 450700 - 480699 inclusive
09-07 15:29 ./controller_strava_athlete-id_prober.py  INFO     Assigning app 17 ids: 480700 - 510699 inclusive
09-07 15:48 ./controller_strava_athlete-id_prober.py  INFO     Spawner, requested api range: 1 - 100
09-07 15:48 ./controller_strava_athlete-id_prober.py  INFO     Requested athlete range: 700 - 3000699
09-07 15:48 ./controller_strava_athlete-id_prober.py  INFO     Requested per probe: 30000
09-07 15:48 ./controller_strava_athlete-id_prober.py  INFO     Assigning app 1 ids: 700 - 30699 inclusive
09-07 15:48 ./controller_strava_athlete-id_prober.py  INFO     Assigning app 2 ids: 30700 - 60699 inclusive
09-07 15:48 ./controller_strava_athlete-id_prober.py  INFO     Assigning app 3 ids: 60700 - 90699 inclusive
09-07 15:48 ./controller_strava_athlete-id_prober.py  INFO     Assigning app 4 ids: 90700 - 120699 inclusive
09-07 15:48 ./controller_strava_athlete-id_prober.py  INFO     Assigning app 5 ids: 120700 - 150699 inclusive
09-07 15:48 ./controller_strava_athlete-id_prober.py  INFO     Assigning app 6 ids: 150700 - 180699 inclusive
09-07 15:48 ./controller_strava_athlete-id_prober.py  INFO     Assigning app 7 ids: 180700 - 210699 inclusive
09-07 15:48 ./controller_strava_athlete-id_prober.py  INFO     Assigning app 8 ids: 210700 - 240699 inclusive
09-07 15:48 ./controller_strava_athlete-id_prober.py  INFO     Assigning app 9 ids: 240700 - 270699 inclusive
09-07 15:48 ./controller_strava_athlete-id_prober.py  INFO     Assigning app 10 ids: 270700 - 300699 inclusive
09-07 15:48 ./controller_strava_athlete-id_prober.py  INFO     Assigning app 11 ids: 300700 - 330699 inclusive
09-07 15:48 ./controller_strava_athlete-id_prober.py  INFO     Assigning app 12 ids: 330700 - 360699 inclusive
09-07 15:48 ./controller_strava_athlete-id_prober.py  INFO     Assigning app 13 ids: 360700 - 390699 inclusive
09-07 15:48 ./controller_strava_athlete-id_prober.py  INFO     Assigning app 14 ids: 390700 - 420699 inclusive
09-07 15:48 ./controller_strava_athlete-id_prober.py  INFO     Assigning app 15 ids: 420700 - 450699 inclusive
09-07 15:48 ./controller_strava_athlete-id_prober.py  INFO     Assigning app 16 ids: 450700 - 480699 inclusive
09-07 15:48 ./controller_strava_athlete-id_prober.py  INFO     Assigning app 17 ids: 480700 - 510699 inclusive
09-07 15:48 ./controller_strava_athlete-id_prober.py  INFO     Assigning app 18 ids: 510700 - 540699 inclusive
09-07 15:48 ./controller_strava_athlete-id_prober.py  INFO     Assigning app 19 ids: 540700 - 570699 inclusive
09-07 15:48 ./controller_strava_athlete-id_prober.py  INFO     Assigning app 20 ids: 570700 - 600699 inclusive
09-07 15:48 ./controller_strava_athlete-id_prober.py  INFO     Assigning app 21 ids: 600700 - 630699 inclusive
09-07 15:48 ./controller_strava_athlete-id_prober.py  INFO     Assigning app 22 ids: 630700 - 660699 inclusive
09-07 15:48 ./controller_strava_athlete-id_prober.py  INFO     Assigning app 23 ids: 660700 - 690699 inclusive
09-07 15:49 ./controller_strava_athlete-id_prober.py  INFO     Assigning app 24 ids: 690700 - 720699 inclusive
09-07 15:49 ./controller_strava_athlete-id_prober.py  INFO     Assigning app 25 ids: 720700 - 750699 inclusive
09-07 15:49 ./controller_strava_athlete-id_prober.py  INFO     Assigning app 26 ids: 750700 - 780699 inclusive
09-07 15:49 ./controller_strava_athlete-id_prober.py  INFO     Assigning app 27 ids: 780700 - 810699 inclusive
09-07 15:49 ./controller_strava_athlete-id_prober.py  INFO     Assigning app 28 ids: 810700 - 840699 inclusive
09-07 15:49 ./controller_strava_athlete-id_prober.py  INFO     Assigning app 29 ids: 840700 - 870699 inclusive
09-07 15:49 ./controller_strava_athlete-id_prober.py  INFO     Assigning app 30 ids: 870700 - 900699 inclusive
09-07 15:49 ./controller_strava_athlete-id_prober.py  INFO     Assigning app 31 ids: 900700 - 930699 inclusive
09-07 15:49 ./controller_strava_athlete-id_prober.py  INFO     Assigning app 32 ids: 930700 - 960699 inclusive
09-07 15:49 ./controller_strava_athlete-id_prober.py  INFO     Assigning app 33 ids: 960700 - 990699 inclusive
09-07 15:49 ./controller_strava_athlete-id_prober.py  INFO     Assigning app 34 ids: 990700 - 1020699 inclusive
09-07 15:49 ./controller_strava_athlete-id_prober.py  INFO     Assigning app 35 ids: 1020700 - 1050699 inclusive
09-07 15:49 ./controller_strava_athlete-id_prober.py  INFO     Assigning app 36 ids: 1050700 - 1080699 inclusive
09-07 15:49 ./controller_strava_athlete-id_prober.py  INFO     Assigning app 37 ids: 1080700 - 1110699 inclusive
09-07 15:49 ./controller_strava_athlete-id_prober.py  INFO     Assigning app 38 ids: 1110700 - 1140699 inclusive
09-07 15:49 ./controller_strava_athlete-id_prober.py  INFO     Assigning app 39 ids: 1140700 - 1170699 inclusive
09-07 15:49 ./controller_strava_athlete-id_prober.py  INFO     Assigning app 40 ids: 1170700 - 1200699 inclusive
09-07 15:49 ./controller_strava_athlete-id_prober.py  INFO     Assigning app 41 ids: 1200700 - 1230699 inclusive
09-07 15:49 ./controller_strava_athlete-id_prober.py  INFO     Assigning app 42 ids: 1230700 - 1260699 inclusive
09-07 15:49 ./controller_strava_athlete-id_prober.py  INFO     Assigning app 43 ids: 1260700 - 1290699 inclusive
09-07 15:49 ./controller_strava_athlete-id_prober.py  INFO     Assigning app 44 ids: 1290700 - 1320699 inclusive
09-07 15:49 ./controller_strava_athlete-id_prober.py  INFO     Assigning app 45 ids: 1320700 - 1350699 inclusive
09-07 15:49 ./controller_strava_athlete-id_prober.py  INFO     Assigning app 46 ids: 1350700 - 1380699 inclusive
09-07 15:49 ./controller_strava_athlete-id_prober.py  INFO     Assigning app 47 ids: 1380700 - 1410699 inclusive
09-07 15:49 ./controller_strava_athlete-id_prober.py  INFO     Assigning app 48 ids: 1410700 - 1440699 inclusive
09-07 15:49 ./controller_strava_athlete-id_prober.py  INFO     Assigning app 49 ids: 1440700 - 1470699 inclusive
09-07 15:50 ./controller_strava_athlete-id_prober.py  INFO     Assigning app 50 ids: 1470700 - 1500699 inclusive
09-07 15:50 ./controller_strava_athlete-id_prober.py  INFO     Assigning app 51 ids: 1500700 - 1530699 inclusive
09-07 15:50 ./controller_strava_athlete-id_prober.py  INFO     Assigning app 52 ids: 1530700 - 1560699 inclusive
09-07 15:50 ./controller_strava_athlete-id_prober.py  INFO     Assigning app 53 ids: 1560700 - 1590699 inclusive
09-07 15:50 ./controller_strava_athlete-id_prober.py  INFO     Assigning app 54 ids: 1590700 - 1620699 inclusive
09-07 15:50 ./controller_strava_athlete-id_prober.py  INFO     Assigning app 55 ids: 1620700 - 1650699 inclusive
09-07 15:50 ./controller_strava_athlete-id_prober.py  INFO     Assigning app 56 ids: 1650700 - 1680699 inclusive
09-07 15:50 ./controller_strava_athlete-id_prober.py  INFO     Assigning app 57 ids: 1680700 - 1710699 inclusive
09-07 15:50 ./controller_strava_athlete-id_prober.py  INFO     Assigning app 58 ids: 1710700 - 1740699 inclusive
09-07 15:50 ./controller_strava_athlete-id_prober.py  INFO     Assigning app 59 ids: 1740700 - 1770699 inclusive
09-07 15:50 ./controller_strava_athlete-id_prober.py  INFO     Assigning app 60 ids: 1770700 - 1800699 inclusive
09-07 15:50 ./controller_strava_athlete-id_prober.py  INFO     Assigning app 61 ids: 1800700 - 1830699 inclusive
09-07 15:50 ./controller_strava_athlete-id_prober.py  INFO     Assigning app 62 ids: 1830700 - 1860699 inclusive
09-07 15:50 ./controller_strava_athlete-id_prober.py  INFO     Assigning app 63 ids: 1860700 - 1890699 inclusive
09-07 15:50 ./controller_strava_athlete-id_prober.py  INFO     Assigning app 64 ids: 1890700 - 1920699 inclusive
09-07 15:50 ./controller_strava_athlete-id_prober.py  INFO     Assigning app 65 ids: 1920700 - 1950699 inclusive
09-07 15:50 ./controller_strava_athlete-id_prober.py  INFO     Assigning app 66 ids: 1950700 - 1980699 inclusive
09-07 15:50 ./controller_strava_athlete-id_prober.py  INFO     Assigning app 67 ids: 1980700 - 2010699 inclusive
09-07 15:50 ./controller_strava_athlete-id_prober.py  INFO     Assigning app 68 ids: 2010700 - 2040699 inclusive
09-07 15:50 ./controller_strava_athlete-id_prober.py  INFO     Assigning app 69 ids: 2040700 - 2070699 inclusive
09-07 15:50 ./controller_strava_athlete-id_prober.py  INFO     Assigning app 70 ids: 2070700 - 2100699 inclusive
09-07 15:50 ./controller_strava_athlete-id_prober.py  INFO     Assigning app 71 ids: 2100700 - 2130699 inclusive
09-07 15:50 ./controller_strava_athlete-id_prober.py  INFO     Assigning app 72 ids: 2130700 - 2160699 inclusive
09-07 15:51 ./controller_strava_athlete-id_prober.py  INFO     Assigning app 73 ids: 2160700 - 2190699 inclusive
09-07 15:51 ./controller_strava_athlete-id_prober.py  INFO     Assigning app 74 ids: 2190700 - 2220699 inclusive
09-07 15:51 ./controller_strava_athlete-id_prober.py  INFO     Assigning app 75 ids: 2220700 - 2250699 inclusive
09-07 15:51 ./controller_strava_athlete-id_prober.py  INFO     Assigning app 76 ids: 2250700 - 2280699 inclusive
09-07 15:51 ./controller_strava_athlete-id_prober.py  INFO     Assigning app 77 ids: 2280700 - 2310699 inclusive
09-07 15:51 ./controller_strava_athlete-id_prober.py  INFO     Assigning app 78 ids: 2310700 - 2340699 inclusive
09-07 15:51 ./controller_strava_athlete-id_prober.py  INFO     Assigning app 79 ids: 2340700 - 2370699 inclusive
09-07 15:51 ./controller_strava_athlete-id_prober.py  INFO     Assigning app 80 ids: 2370700 - 2400699 inclusive
09-07 15:51 ./controller_strava_athlete-id_prober.py  INFO     Assigning app 81 ids: 2400700 - 2430699 inclusive
09-07 15:51 ./controller_strava_athlete-id_prober.py  INFO     Assigning app 82 ids: 2430700 - 2460699 inclusive
09-07 15:51 ./controller_strava_athlete-id_prober.py  INFO     Assigning app 83 ids: 2460700 - 2490699 inclusive
09-07 15:51 ./controller_strava_athlete-id_prober.py  INFO     Assigning app 84 ids: 2490700 - 2520699 inclusive
09-07 15:51 ./controller_strava_athlete-id_prober.py  INFO     Assigning app 85 ids: 2520700 - 2550699 inclusive
09-07 15:51 ./controller_strava_athlete-id_prober.py  INFO     Assigning app 86 ids: 2550700 - 2580699 inclusive
09-07 15:51 ./controller_strava_athlete-id_prober.py  INFO     Assigning app 87 ids: 2580700 - 2610699 inclusive
09-07 15:51 ./controller_strava_athlete-id_prober.py  INFO     Assigning app 88 ids: 2610700 - 2640699 inclusive
09-07 15:51 ./controller_strava_athlete-id_prober.py  INFO     Assigning app 89 ids: 2640700 - 2670699 inclusive
09-07 15:51 ./controller_strava_athlete-id_prober.py  INFO     Assigning app 90 ids: 2670700 - 2700699 inclusive
09-07 15:51 ./controller_strava_athlete-id_prober.py  INFO     Assigning app 91 ids: 2700700 - 2730699 inclusive
09-07 15:51 ./controller_strava_athlete-id_prober.py  INFO     Assigning app 92 ids: 2730700 - 2760699 inclusive
09-07 15:51 ./controller_strava_athlete-id_prober.py  INFO     Assigning app 93 ids: 2760700 - 2790699 inclusive
09-07 15:52 ./controller_strava_athlete-id_prober.py  INFO     Assigning app 94 ids: 2790700 - 2820699 inclusive
09-07 15:52 ./controller_strava_athlete-id_prober.py  INFO     Assigning app 95 ids: 2820700 - 2850699 inclusive
09-07 15:52 ./controller_strava_athlete-id_prober.py  INFO     Assigning app 96 ids: 2850700 - 2880699 inclusive
09-07 15:52 ./controller_strava_athlete-id_prober.py  INFO     Assigning app 97 ids: 2880700 - 2910699 inclusive
09-07 15:52 ./controller_strava_athlete-id_prober.py  INFO     Assigning app 98 ids: 2910700 - 2940699 inclusive
09-07 15:52 ./controller_strava_athlete-id_prober.py  INFO     Assigning app 99 ids: 2940700 - 2970699 inclusive
09-07 15:52 ./controller_strava_athlete-id_prober.py  INFO     Assigning app 100 ids: 2970700 - 3000699 inclusive
09-07 15:52 ./controller_strava_athlete-id_prober.py  INFO     All probes assigned, exiting.
